<?xml version="1.0" encoding="UTF-8"?>
<!-- Generated by org.testng.reporters.JUnitXMLReporter -->
<testsuite ignored="0" hostname="DESKTOP-P4EV10B" failures="1" tests="3" name="Test" time="48.708" errors="0" timestamp="2023-01-30T17:38:41 IST">
  <testcase classname="com.test.HomePageTestCase2" name="clickOnFrom" time="23.006"/>
  <testcase classname="com.test.HomePageTestCase2" name="clickOnTo" time="3.499"/>
  <testcase classname="com.test.HomePageTestCase2" name="clickSearchFlights" time="2.962">
    <failure type="org.openqa.selenium.ElementClickInterceptedException" message="element click intercepted: Element &amp;lt;button _ngcontent-serverapp-c8=&amp;quot;&amp;quot; class=&amp;quot;ng-tns-c8-3 mat-flat-button mat-primary&amp;quot; color=&amp;quot;primary&amp;quot; mat-flat-button=&amp;quot;&amp;quot;&amp;gt;...&amp;lt;/button&amp;gt; is not clickable at point (1186, 232). Other element would receive the click: &amp;lt;ul _ngcontent-serverapp-c21=&amp;quot;&amp;quot; class=&amp;quot;tab-style&amp;quot; fxlayout=&amp;quot;row&amp;quot; fxlayoutalign=&amp;quot;start&amp;quot; style=&amp;quot;flex-direction: row; box-sizing: border-box; display: flex; place-content: stretch flex-start; align-items: stretch;&amp;quot;&amp;gt;...&amp;lt;/ul&amp;gt;
  (Session info: chrome=109.0.5414.120)
Build info: version: &amp;apos;4.7.2&amp;apos;, revision: &amp;apos;4d4020c3b7&amp;apos;
System info: os.name: &amp;apos;Windows 10&amp;apos;, os.arch: &amp;apos;amd64&amp;apos;, os.version: &amp;apos;10.0&amp;apos;, java.version: &amp;apos;19.0.1&amp;apos;
Driver info: org.openqa.selenium.chrome.ChromeDriver
Command: [d2ad4b6c01ca23b4c0cec623a9593522, clickElement {id=d7c22645-5cee-494d-85fa-ef2daeef2d65}]
Capabilities {acceptInsecureCerts: false, browserName: chrome, browserVersion: 109.0.5414.120, chrome: {chromedriverVersion: 109.0.5414.74 (e7c5703604da..., userDataDir: C:\Users\User\AppData\Local...}, goog:chromeOptions: {debuggerAddress: localhost:49730}, networkConnectionEnabled: false, pageLoadStrategy: normal, platformName: WINDOWS, proxy: Proxy(), se:cdp: ws://localhost:49730/devtoo..., se:cdpVersion: 109.0.5414.120, setWindowRect: true, strictFileInteractability: false, timeouts: {implicit: 0, pageLoad: 300000, script: 30000}, unhandledPromptBehavior: dismiss and notify, webauthn:extension:credBlob: true, webauthn:extension:largeBlob: true, webauthn:virtualAuthenticators: true}
Element: [[ChromeDriver: chrome on WINDOWS (d2ad4b6c01ca23b4c0cec623a9593522)] -&amp;gt; xpath: (//button[@class=&amp;apos;ng-tns-c8-3 mat-flat-button mat-primary&amp;apos;])[1]]
Session ID: d2ad4b6c01ca23b4c0cec623a9593522">
      <![CDATA[org.openqa.selenium.ElementClickInterceptedException: element click intercepted: Element <button _ngcontent-serverapp-c8="" class="ng-tns-c8-3 mat-flat-button mat-primary" color="primary" mat-flat-button="">...</button> is not clickable at point (1186, 232). Other element would receive the click: <ul _ngcontent-serverapp-c21="" class="tab-style" fxlayout="row" fxlayoutalign="start" style="flex-direction: row; box-sizing: border-box; display: flex; place-content: stretch flex-start; align-items: stretch;">...</ul>
  (Session info: chrome=109.0.5414.120)
Build info: version: '4.7.2', revision: '4d4020c3b7'
System info: os.name: 'Windows 10', os.arch: 'amd64', os.version: '10.0', java.version: '19.0.1'
Driver info: org.openqa.selenium.chrome.ChromeDriver
Command: [d2ad4b6c01ca23b4c0cec623a9593522, clickElement {id=d7c22645-5cee-494d-85fa-ef2daeef2d65}]
Capabilities {acceptInsecureCerts: false, browserName: chrome, browserVersion: 109.0.5414.120, chrome: {chromedriverVersion: 109.0.5414.74 (e7c5703604da..., userDataDir: C:\Users\User\AppData\Local...}, goog:chromeOptions: {debuggerAddress: localhost:49730}, networkConnectionEnabled: false, pageLoadStrategy: normal, platformName: WINDOWS, proxy: Proxy(), se:cdp: ws://localhost:49730/devtoo..., se:cdpVersion: 109.0.5414.120, setWindowRect: true, strictFileInteractability: false, timeouts: {implicit: 0, pageLoad: 300000, script: 30000}, unhandledPromptBehavior: dismiss and notify, webauthn:extension:credBlob: true, webauthn:extension:largeBlob: true, webauthn:virtualAuthenticators: true}
Element: [[ChromeDriver: chrome on WINDOWS (d2ad4b6c01ca23b4c0cec623a9593522)] -> xpath: (//button[@class='ng-tns-c8-3 mat-flat-button mat-primary'])[1]]
Session ID: d2ad4b6c01ca23b4c0cec623a9593522
at org.openqa.selenium.remote.codec.w3c.W3CHttpResponseCodec.createException(W3CHttpResponseCodec.java:200)
at org.openqa.selenium.remote.codec.w3c.W3CHttpResponseCodec.decode(W3CHttpResponseCodec.java:133)
at org.openqa.selenium.remote.codec.w3c.W3CHttpResponseCodec.decode(W3CHttpResponseCodec.java:53)
at org.openqa.selenium.remote.HttpCommandExecutor.execute(HttpCommandExecutor.java:184)
at org.openqa.selenium.remote.service.DriverCommandExecutor.invokeExecute(DriverCommandExecutor.java:167)
at org.openqa.selenium.remote.service.DriverCommandExecutor.execute(DriverCommandExecutor.java:142)
at org.openqa.selenium.remote.RemoteWebDriver.execute(RemoteWebDriver.java:535)
at org.openqa.selenium.remote.RemoteWebElement.execute(RemoteWebElement.java:257)
at org.openqa.selenium.remote.RemoteWebElement.click(RemoteWebElement.java:78)
at org.openqa.selenium.support.pagefactory.internal.LocatingElementHandler.invoke(LocatingElementHandler.java:52)
at jdk.proxy2/jdk.proxy2.$Proxy15.click(Unknown Source)
at com.page.HomePage2.clickToSearch(HomePage2.java:54)
at com.test.HomePageTestCase2.clickSearchFlights(HomePageTestCase2.java:39)
at java.base/java.util.ArrayList.forEach(ArrayList.java:1511)
... Removed 30 stack frames]]>
    </failure>
  </testcase> <!-- clickSearchFlights -->
</testsuite> <!-- Test -->
